<?xml version="1.0" encoding="UTF-8"?>
<!-- Generated by org.testng.reporters.JUnitReportReporter -->
<testsuite hostname="DESKTOP-A0U8QGT" failures="0" tests="1" name="com.org.hab.AppTest" time="0.021" errors="0" timestamp="2024-04-19T18:50:10 IST" skipped="0">
  <testcase classname="com.org.hab.AppTest" name="test1" time="0.021"/>
  <system-out/>
</testsuite> <!-- com.org.hab.AppTest -->
