<?xml version="1.0" encoding="UTF-8"?>
<!-- Generated by org.testng.reporters.JUnitReportReporter -->
<testsuite hostname="DESKTOP-A0U8QGT" failures="0" tests="2" name="com.org.hab.WelcomeTest" time="4.934" errors="0" timestamp="2024-04-30T18:37:34 IST" skipped="0">
  <testcase classname="com.org.hab.WelcomeTest" name="validate_PageAttributes_WelcomePage" time="1.983"/>
  <system-out/>
  <testcase classname="com.org.hab.WelcomeTest" name="validate_StartYourQuoteButton_WelcomePage" time="2.951"/>
  <system-out/>
</testsuite> <!-- com.org.hab.WelcomeTest -->
