<?xml version="1.0" encoding="UTF-8"?>
<!-- Generated by org.testng.reporters.JUnitReportReporter -->
<testsuite hostname="DESKTOP-A0U8QGT" failures="0" tests="1" name="com.org.hab.Ford_EndToEndScenarios" time="11.362" errors="0" timestamp="2024-05-02T19:01:26 IST" skipped="0">
  <testcase classname="com.org.hab.Ford_EndToEndScenarios" name="validate_Ford_E2EScenario_1Driver_1Vehicle" time="11.362"/>
  <system-out/>
</testsuite> <!-- com.org.hab.Ford_EndToEndScenarios -->
