<?xml version="1.0" encoding="UTF-8"?>
<!-- Generated by org.testng.reporters.JUnitReportReporter -->
<testsuite hostname="DESKTOP-A0U8QGT" failures="0" tests="1" name="com.org.hab.AboutHomeTest" time="0.014" errors="1" timestamp="2024-04-30T18:37:34 IST" skipped="0">
  <testcase classname="com.org.hab.AboutHomeTest" name="validate_PageAttribute_AboutYourHomePage" time="0.014">
    <error message="Object doesn&#039;t exist: worker@7f484cce055e5d8cd87f3d573a8cf598" type="com.microsoft.playwright.PlaywrightException">
      <![CDATA[com.microsoft.playwright.PlaywrightException: Object doesn't exist: worker@7f484cce055e5d8cd87f3d573a8cf598
at com.microsoft.playwright.impl.Connection.getExistingObject(Connection.java:192)
at com.microsoft.playwright.impl.PageImpl.handleEvent(PageImpl.java:123)
at com.microsoft.playwright.impl.Connection.dispatch(Connection.java:292)
at com.microsoft.playwright.impl.Connection.processOneMessage(Connection.java:211)
at com.microsoft.playwright.impl.ChannelOwner.runUntil(ChannelOwner.java:118)
at com.microsoft.playwright.impl.Connection.sendMessage(Connection.java:130)
at com.microsoft.playwright.impl.ChannelOwner.sendMessage(ChannelOwner.java:106)
at com.microsoft.playwright.impl.FrameImpl.isEnabledImpl(FrameImpl.java:606)
at com.microsoft.playwright.impl.PageImpl.lambda$isEnabled$55(PageImpl.java:927)
at com.microsoft.playwright.impl.LoggingSupport.withLogging(LoggingSupport.java:47)
at com.microsoft.playwright.impl.ChannelOwner.withLogging(ChannelOwner.java:89)
at com.microsoft.playwright.impl.PageImpl.isEnabled(PageImpl.java:926)
at com.microsoft.playwright.Page.isEnabled(Page.java:5542)
at com.org.hab.pages.Welcome.clickOnStartYourQuoteBtn(Welcome.java:36)
at com.org.hab.AboutHomeTest.validate_PageAttribute_AboutYourHomePage(AboutHomeTest.java:17)
at java.base/jdk.internal.reflect.DirectMethodHandleAccessor.invoke(DirectMethodHandleAccessor.java:103)
at java.base/java.lang.reflect.Method.invoke(Method.java:580)
at org.testng.internal.MethodInvocationHelper.invokeMethod(MethodInvocationHelper.java:133)
at org.testng.internal.TestInvoker.invokeMethod(TestInvoker.java:598)
at org.testng.internal.TestInvoker.invokeTestMethod(TestInvoker.java:173)
at org.testng.internal.TestMethodWithDataProviderMethodWorker.call(TestMethodWithDataProviderMethodWorker.java:77)
at org.testng.internal.TestMethodWithDataProviderMethodWorker.call(TestMethodWithDataProviderMethodWorker.java:15)
at java.base/java.util.concurrent.FutureTask.run(FutureTask.java:317)
at java.base/java.util.concurrent.Executors$RunnableAdapter.call(Executors.java:572)
at java.base/java.util.concurrent.FutureTask.run(FutureTask.java:317)
at java.base/java.util.concurrent.ThreadPoolExecutor.runWorker(ThreadPoolExecutor.java:1144)
at java.base/java.util.concurrent.ThreadPoolExecutor$Worker.run(ThreadPoolExecutor.java:642)
at java.base/java.lang.Thread.run(Thread.java:1583)
]]>
    </error>
  </testcase> <!-- validate_PageAttribute_AboutYourHomePage -->
  <system-out/>
</testsuite> <!-- com.org.hab.AboutHomeTest -->
